<?xml version="1.0" encoding="UTF-8"?>
<testng-results skipped="0" failed="0" ignored="0" total="2" passed="2">
  <reporter-output>
  </reporter-output>
  <suite name="Suite" duration-ms="3288" started-at="2020-09-09T06:02:02Z" finished-at="2020-09-09T06:02:06Z">
    <groups>
    </groups>
    <test name="Test" duration-ms="3288" started-at="2020-09-09T06:02:02Z" finished-at="2020-09-09T06:02:06Z">
      <class name="exel_File.Read_Data">
        <test-method status="PASS" signature="readdata()[pri:0, instance:exel_File.Read_Data@1f57539]" name="readdata" duration-ms="2798" started-at="2020-09-09T06:02:02Z" finished-at="2020-09-09T06:02:05Z">
          <reporter-output>
          </reporter-output>
        </test-method> <!-- readdata -->
      </class> <!-- exel_File.Read_Data -->
      <class name="exel_File.Get_Last_Row_Cell_Num">
        <test-method status="PASS" signature="getLastRowCulmnNum()[pri:0, instance:exel_File.Get_Last_Row_Cell_Num@76f2b07d]" name="getLastRowCulmnNum" duration-ms="326" started-at="2020-09-09T06:02:05Z" finished-at="2020-09-09T06:02:06Z">
          <reporter-output>
          </reporter-output>
        </test-method> <!-- getLastRowCulmnNum -->
      </class> <!-- exel_File.Get_Last_Row_Cell_Num -->
    </test> <!-- Test -->
  </suite> <!-- Suite -->
</testng-results>
